<?xml version="1.0" encoding="utf-8"?><testsuites name="pytest tests"><testsuite name="pytest" errors="0" failures="0" skipped="7" tests="52" time="8.842" timestamp="2026-08-05T05:23:13.767606+00:00" hostname="agent-env-11631284-a7c9-4126-bb2e-b5b582547bb6"><testcase classname="tests.backend_test.TestPublic" name="test_root" time="0.489" /><testcase classname="tests.backend_test.TestPublic" name="test_categories" time="0.044" /><testcase classname="tests.backend_test.TestPublic" name="test_settings_public" time="0.044" /><testcase classname="tests.backend_test.TestPublic" name="test_vehicles_list_no_filter" time="0.048"><skipped type="pytest.skip" message="no active public vehicles in DB (SEED_DEMO_DATA disabled)">/app/backend/tests/backend_test.py:117: no active public vehicles in DB (SEED_DEMO_DATA disabled)</skipped></testcase><testcase classname="tests.backend_test.TestPublic" name="test_vehicles_filter_category" time="0.085" /><testcase classname="tests.backend_test.TestPublic" name="test_vehicles_filter_brand_year_price_uf" time="0.048" /><testcase classname="tests.backend_test.TestPublic" name="test_vehicles_filter_city" time="0.044" /><testcase classname="tests.backend_test.TestPublic" name="test_vehicle_detail_by_slug" time="0.042"><skipped type="pytest.skip" message="no active public vehicles in DB (SEED_DEMO_DATA disabled)">/app/backend/tests/backend_test.py:149: no active public vehicles in DB (SEED_DEMO_DATA disabled)</skipped></testcase><testcase classname="tests.backend_test.TestPublic" name="test_vehicle_detail_404" time="0.048" /><testcase classname="tests.backend_test.TestPublic" name="test_dealers_list" time="0.089"><skipped type="pytest.skip" message="no dealers in DB (SEED_DEMO_DATA disabled)">/app/backend/tests/backend_test.py:168: no dealers in DB (SEED_DEMO_DATA disabled)</skipped></testcase><testcase classname="tests.backend_test.TestPublic" name="test_dealer_detail_by_slug" time="0.043"><skipped type="pytest.skip" message="no dealers in DB (SEED_DEMO_DATA disabled)">/app/backend/tests/backend_test.py:176: no dealers in DB (SEED_DEMO_DATA disabled)</skipped></testcase><testcase classname="tests.backend_test.TestPublic" name="test_dealer_detail_404" time="0.041" /><testcase classname="tests.backend_test.TestAuth" name="test_admin_login_sets_cookies" time="0.320" /><testcase classname="tests.backend_test.TestAuth" name="test_login_invalid" time="0.267" /><testcase classname="tests.backend_test.TestAuth" name="test_me_requires_auth" time="0.094" /><testcase classname="tests.backend_test.TestAuth" name="test_me_with_admin" time="0.360" /><testcase classname="tests.backend_test.TestAuth" name="test_logout_clears_cookies" time="0.458" /><testcase classname="tests.backend_test.TestAuth" name="test_register_creates_pending" time="0.050" /><testcase classname="tests.backend_test.TestAuth" name="test_register_duplicate_email" time="0.098" /><testcase classname="tests.backend_test.TestDealer" name="test_pending_cannot_create_vehicle" time="0.049" /><testcase classname="tests.backend_test.TestDealer" name="test_dealer_update_profile" time="0.414" /><testcase classname="tests.backend_test.TestDealer" name="test_dealer_vehicles_list_empty" time="0.044" /><testcase classname="tests.backend_test.TestDealer" name="test_dealer_create_edit_delete_vehicle" time="0.310" /><testcase classname="tests.backend_test.TestDealer" name="test_admin_cannot_use_dealer_endpoints" time="0.045" /><testcase classname="tests.backend_test.TestAdmin" name="test_admin_users_list" time="0.044" /><testcase classname="tests.backend_test.TestAdmin" name="test_admin_users_requires_admin" time="0.045" /><testcase classname="tests.backend_test.TestAdmin" name="test_admin_vehicles_list" time="0.047" /><testcase classname="tests.backend_test.TestAdmin" name="test_admin_moderate_vehicle" time="0.238" /><testcase classname="tests.backend_test.TestAdmin" name="test_admin_notifications" time="0.045" /><testcase classname="tests.backend_test.TestAdmin" name="test_admin_settings_get_and_update" time="0.269" /><testcase classname="tests.backend_test.TestAdminNew" name="test_admin_stats" time="0.050" /><testcase classname="tests.backend_test.TestAdminNew" name="test_admin_stats_requires_admin" time="0.043" /><testcase classname="tests.backend_test.TestAdminNew" name="test_admin_vehicle_status_full_cycle" time="0.565" /><testcase classname="tests.backend_test.TestAdminNew" name="test_admin_vehicles_filter_by_status" time="0.043" /><testcase classname="tests.backend_test.TestSeedCampoGrande" name="test_campo_grande_vehicles_count" time="0.083"><skipped type="pytest.skip" message="demo seed disabled (SEED_DEMO_DATA off) — no Campo Grande vehicles">/app/backend/tests/backend_test.py:469: demo seed disabled (SEED_DEMO_DATA off) — no Campo Grande vehicles</skipped></testcase><testcase classname="tests.backend_test.TestSeedCampoGrande" name="test_campo_grande_dealers" time="0.043"><skipped type="pytest.skip" message="demo seed disabled (SEED_DEMO_DATA off) — no Campo Grande seed dealers">/app/backend/tests/backend_test.py:481: demo seed disabled (SEED_DEMO_DATA off) — no Campo Grande seed dealers</skipped></testcase><testcase classname="tests.backend_test.TestPublicActiveOnly" name="test_pending_vehicle_404_public" time="0.309" /><testcase classname="tests.backend_test.TestSEO" name="test_robots_txt" time="0.045" /><testcase classname="tests.backend_test.TestSEO" name="test_sitemap_xml" time="0.409" /><testcase classname="tests.test_repasse_privacy_regional.TestPublicListingTrap" name="test_public_vehicles_ad_type_repasse_403" time="0.415" /><testcase classname="tests.test_repasse_privacy_regional.TestPublicListingTrap" name="test_public_vehicles_ad_type_repasse_403_even_for_admin" time="0.043" /><testcase classname="tests.test_repasse_privacy_regional.TestPublicListingTrap" name="test_public_vehicles_returns_only_public" time="0.047" /><testcase classname="tests.test_repasse_privacy_regional.TestPublicListingTrap" name="test_public_detail_of_repasse_vehicle_is_404" time="0.050"><skipped type="pytest.skip" message="no active repasse vehicle in DB to check public detail leak">/app/backend/tests/test_repasse_privacy_regional.py:134: no active repasse vehicle in DB to check public detail leak</skipped></testcase><testcase classname="tests.test_repasse_privacy_regional.TestRepasseHubAccess" name="test_anon_401" time="0.042" /><testcase classname="tests.test_repasse_privacy_regional.TestRepasseHubAccess" name="test_anon_detail_401" time="0.045" /><testcase classname="tests.test_repasse_privacy_regional.TestRepasseHubAccess" name="test_dealer_avulso_403" time="0.711" /><testcase classname="tests.test_repasse_privacy_regional.TestRepasseHubAccess" name="test_dealer_loja_active_200" time="0.718" /><testcase classname="tests.test_repasse_privacy_regional.TestRepasseHubAccess" name="test_admin_bypass_200" time="0.048" /><testcase classname="tests.test_repasse_privacy_regional.TestRepasseHubAccess" name="test_pending_loja_dealer_403" time="0.381" /><testcase classname="tests.test_repasse_privacy_regional.TestRegionalCleanup" name="test_sitemap_no_joao_pessoa_has_campo_grande" time="0.047" /><testcase classname="tests.test_repasse_privacy_regional.TestRegionalCleanup" name="test_robots_ok" time="0.045" /><testcase classname="tests.test_repasse_privacy_regional.TestRegionalCleanup" name="test_seo_home_focused_on_ms" time="0.259" /></testsuite></testsuites>